# JRE version: OpenJDK Runtime Environment (8.0_242-b01) (build 1.8.0_242-release-1644-b01)
# Java VM: OpenJDK 64-Bit Server VM (25.242-b01 mixed mode windows-amd64 compressed oops)
Heap:
 PSYoungGen      total 478208K, used 363907K [0x00000000d5580000, 0x00000000f8c80000, 0x0000000100000000)
  eden space 450048K, 74% used [0x00000000d5580000,0x00000000e9d8a618,0x00000000f0d00000)
  from space 28160K, 99% used [0x00000000f7100000,0x00000000f8c56930,0x00000000f8c80000)
  to   space 47616K, 0% used [0x00000000f2f80000,0x00000000f2f80000,0x00000000f5e00000)
 ParOldGen       total 188928K, used 83857K [0x0000000080000000, 0x000000008b880000, 0x00000000d5580000)
  object space 188928K, 44% used [0x0000000080000000,0x00000000851e4608,0x000000008b880000)
 Metaspace       used 102165K, capacity 110534K, committed 110616K, reserved 1144832K
  class space    used 13031K, capacity 14331K, committed 14384K, reserved 1048576K
GC Heap History (10 events):
Event: 10250.725 GC heap before
{Heap before GC invocations=28 (full 4):
 PSYoungGen      total 592896K, used 592864K [0x00000000d5580000, 0x00000000fd580000, 0x0000000100000000)
  eden space 558080K, 100% used [0x00000000d5580000,0x00000000f7680000,0x00000000f7680000)
  from space 34816K, 99% used [0x00000000f9900000,0x00000000fbaf8290,0x00000000fbb00000)
  to   space 27136K, 0% used [0x00000000fbb00000,0x00000000fbb00000,0x00000000fd580000)
 ParOldGen       total 188928K, used 82668K [0x0000000080000000, 0x000000008b880000, 0x00000000d5580000)
  object space 188928K, 43% used [0x0000000080000000,0x00000000850bb070,0x000000008b880000)
 Metaspace       used 100970K, capacity 109224K, committed 109336K, reserved 1144832K
  class space    used 13014K, capacity 14312K, committed 14384K, reserved 1048576K
Event: 10251.243 GC heap after
Heap after GC invocations=28 (full 4):
 PSYoungGen      total 561152K, used 27120K [0x00000000d5580000, 0x00000000fd580000, 0x0000000100000000)
  eden space 534016K, 0% used [0x00000000d5580000,0x00000000d5580000,0x00000000f5f00000)
  from space 27136K, 99% used [0x00000000fbb00000,0x00000000fd57c1c0,0x00000000fd580000)
  to   space 48128K, 0% used [0x00000000f7780000,0x00000000f7780000,0x00000000fa680000)
 ParOldGen       total 188928K, used 83825K [0x0000000080000000, 0x000000008b880000, 0x00000000d5580000)
  object space 188928K, 44% used [0x0000000080000000,0x00000000851dc608,0x000000008b880000)
 Metaspace       used 100970K, capacity 109224K, committed 109336K, reserved 1144832K
  class space    used 13014K, capacity 14312K, committed 14384K, reserved 1048576K
}
Event: 10307.628 GC heap before
{Heap before GC invocations=29 (full 4):
 PSYoungGen      total 561152K, used 561136K [0x00000000d5580000, 0x00000000fd580000, 0x0000000100000000)
  eden space 534016K, 100% used [0x00000000d5580000,0x00000000f5f00000,0x00000000f5f00000)
  from space 27136K, 99% used [0x00000000fbb00000,0x00000000fd57c1c0,0x00000000fd580000)
  to   space 48128K, 0% used [0x00000000f7780000,0x00000000f7780000,0x00000000fa680000)
 ParOldGen       total 188928K, used 83825K [0x0000000080000000, 0x000000008b880000, 0x00000000d5580000)
  object space 188928K, 44% used [0x0000000080000000,0x00000000851dc608,0x000000008b880000)
 Metaspace       used 101354K, capacity 109634K, committed 109848K, reserved 1144832K
  class space    used 13021K, capacity 14325K, committed 14384K, reserved 1048576K
Event: 10307.795 GC heap after
Heap after GC invocations=29 (full 4):
 PSYoungGen      total 545792K, used 33986K [0x00000000d5580000, 0x00000000fbb80000, 0x0000000100000000)
  eden space 511488K, 0% used [0x00000000d5580000,0x00000000d5580000,0x00000000f4900000)
  from space 34304K, 99% used [0x00000000f7780000,0x00000000f98b08f0,0x00000000f9900000)
  to   space 35328K, 0% used [0x00000000f9900000,0x00000000f9900000,0x00000000fbb80000)
 ParOldGen       total 188928K, used 83833K [0x0000000080000000, 0x000000008b880000, 0x00000000d5580000)
  object space 188928K, 44% used [0x0000000080000000,0x00000000851de608,0x000000008b880000)
 Metaspace       used 101354K, capacity 109634K, committed 109848K, reserved 1144832K
  class space    used 13021K, capacity 14325K, committed 14384K, reserved 1048576K
}
Event: 11458.451 GC heap before
{Heap before GC invocations=30 (full 4):
 PSYoungGen      total 545792K, used 545474K [0x00000000d5580000, 0x00000000fbb80000, 0x0000000100000000)
  eden space 511488K, 100% used [0x00000000d5580000,0x00000000f4900000,0x00000000f4900000)
  from space 34304K, 99% used [0x00000000f7780000,0x00000000f98b08f0,0x00000000f9900000)
  to   space 35328K, 0% used [0x00000000f9900000,0x00000000f9900000,0x00000000fbb80000)
 ParOldGen       total 188928K, used 83833K [0x0000000080000000, 0x000000008b880000, 0x00000000d5580000)
  object space 188928K, 44% used [0x0000000080000000,0x00000000851de608,0x000000008b880000)
 Metaspace       used 101622K, capacity 110022K, committed 110104K, reserved 1144832K
  class space    used 13022K, capacity 14325K, committed 14384K, reserved 1048576K
Event: 11459.046 GC heap after
Heap after GC invocations=30 (full 4):
 PSYoungGen      total 519168K, used 29011K [0x00000000d5580000, 0x00000000fb580000, 0x0000000100000000)
  eden space 489984K, 0% used [0x00000000d5580000,0x00000000d5580000,0x00000000f3400000)
  from space 29184K, 99% used [0x00000000f9900000,0x00000000fb554fd0,0x00000000fb580000)
  to   space 49664K, 0% used [0x00000000f5480000,0x00000000f5480000,0x00000000f8500000)
 ParOldGen       total 188928K, used 83841K [0x0000000080000000, 0x000000008b880000, 0x00000000d5580000)
  object space 188928K, 44% used [0x0000000080000000,0x00000000851e0608,0x000000008b880000)
 Metaspace       used 101622K, capacity 110022K, committed 110104K, reserved 1144832K
  class space    used 13022K, capacity 14325K, committed 14384K, reserved 1048576K
}
Event: 12265.716 GC heap before
{Heap before GC invocations=31 (full 4):
 PSYoungGen      total 519168K, used 518986K [0x00000000d5580000, 0x00000000fb580000, 0x0000000100000000)
  eden space 489984K, 99% used [0x00000000d5580000,0x00000000f33fd940,0x00000000f3400000)
  from space 29184K, 99% used [0x00000000f9900000,0x00000000fb554fd0,0x00000000fb580000)
  to   space 49664K, 0% used [0x00000000f5480000,0x00000000f5480000,0x00000000f8500000)
 ParOldGen       total 188928K, used 83841K [0x0000000080000000, 0x000000008b880000, 0x00000000d5580000)
  object space 188928K, 44% used [0x0000000080000000,0x00000000851e0608,0x000000008b880000)
 Metaspace       used 101858K, capacity 110154K, committed 110360K, reserved 1144832K
  class space    used 13026K, capacity 14325K, committed 14384K, reserved 1048576K
Event: 12266.138 GC heap after
Heap after GC invocations=31 (full 4):
 PSYoungGen      total 498688K, used 28763K [0x00000000d5580000, 0x00000000f9980000, 0x0000000100000000)
  eden space 469504K, 0% used [0x00000000d5580000,0x00000000d5580000,0x00000000f2000000)
  from space 29184K, 98% used [0x00000000f5480000,0x00000000f7096d58,0x00000000f7100000)
  to   space 41472K, 0% used [0x00000000f7100000,0x00000000f7100000,0x00000000f9980000)
 ParOldGen       total 188928K, used 83849K [0x0000000080000000, 0x000000008b880000, 0x00000000d5580000)
  object space 188928K, 44% used [0x0000000080000000,0x00000000851e2608,0x000000008b880000)
 Metaspace       used 101858K, capacity 110154K, committed 110360K, reserved 1144832K
  class space    used 13026K, capacity 14325K, committed 14384K, reserved 1048576K
}
Event: 12499.885 GC heap before
{Heap before GC invocations=32 (full 4):
 PSYoungGen      total 498688K, used 498018K [0x00000000d5580000, 0x00000000f9980000, 0x0000000100000000)
  eden space 469504K, 99% used [0x00000000d5580000,0x00000000f1fc1c00,0x00000000f2000000)
  from space 29184K, 98% used [0x00000000f5480000,0x00000000f7096d58,0x00000000f7100000)
  to   space 41472K, 0% used [0x00000000f7100000,0x00000000f7100000,0x00000000f9980000)
 ParOldGen       total 188928K, used 83849K [0x0000000080000000, 0x000000008b880000, 0x00000000d5580000)
  object space 188928K, 44% used [0x0000000080000000,0x00000000851e2608,0x000000008b880000)
 Metaspace       used 102064K, capacity 110388K, committed 110616K, reserved 1144832K
  class space    used 13030K, capacity 14330K, committed 14384K, reserved 1048576K
Event: 12500.028 GC heap after
Heap after GC invocations=32 (full 4):
 PSYoungGen      total 478208K, used 27994K [0x00000000d5580000, 0x00000000f8c80000, 0x0000000100000000)
  eden space 450048K, 0% used [0x00000000d5580000,0x00000000d5580000,0x00000000f0d00000)
  from space 28160K, 99% used [0x00000000f7100000,0x00000000f8c56930,0x00000000f8c80000)
  to   space 47616K, 0% used [0x00000000f2f80000,0x00000000f2f80000,0x00000000f5e00000)
 ParOldGen       total 188928K, used 83857K [0x0000000080000000, 0x000000008b880000, 0x00000000d5580000)
  object space 188928K, 44% used [0x0000000080000000,0x00000000851e4608,0x000000008b880000)
 Metaspace       used 102064K, capacity 110388K, committed 110616K, reserved 1144832K
  class space    used 13030K, capacity 14330K, committed 14384K, reserved 1048576K
}

